android/app/build/intermediates/manifest_merge_blame_file/debug/manifest-merger-blame-debug-report.txt
1<?xml version="1.0" encoding="utf-8"?>
2<manifest xmlns:android="http://schemas.android.com/apk/res/android"
3    package="com.facebookstorieswidget"
4    android:versionCode="1"
5    android:versionName="1.0" >
6
7    <uses-sdk
8        android:minSdkVersion="21"
9        android:targetSdkVersion="28" />
10
11    <uses-permission android:name="android.permission.SYSTEM_ALERT_WINDOW" />
11-->src/main/AndroidManifest.xml:5:5-77
11-->src/main/AndroidManifest.xml:5:22-75
12    <uses-permission android:name="android.permission.INTERNET" /> <!-- OPTIONAL PERMISSIONS, REMOVE WHATEVER YOU DO NOT NEED -->
12-->src/main/AndroidManifest.xml:4:5-67
12-->src/main/AndroidManifest.xml:4:22-64
13    <uses-permission android:name="android.permission.MANAGE_DOCUMENTS" />
13-->src/main/AndroidManifest.xml:8:5-75
13-->src/main/AndroidManifest.xml:8:22-72
14    <uses-permission android:name="android.permission.READ_INTERNAL_STORAGE" />
14-->src/main/AndroidManifest.xml:9:5-80
14-->src/main/AndroidManifest.xml:9:22-77
15    <uses-permission android:name="android.permission.READ_PHONE_STATE" />
15-->src/main/AndroidManifest.xml:10:5-75
15-->src/main/AndroidManifest.xml:10:22-72
16    <uses-permission android:name="android.permission.USE_FINGERPRINT" />
16-->src/main/AndroidManifest.xml:11:5-74
16-->src/main/AndroidManifest.xml:11:22-71
17    <uses-permission android:name="android.permission.VIBRATE" />
17-->src/main/AndroidManifest.xml:12:5-66
17-->src/main/AndroidManifest.xml:12:22-63
18    <uses-permission android:name="android.permission.MODIFY_AUDIO_SETTINGS" /> <!-- These require runtime permissions on M -->
18-->src/main/AndroidManifest.xml:13:5-80
18-->src/main/AndroidManifest.xml:13:22-77
19    <uses-permission android:name="android.permission.ACCESS_COARSE_LOCATION" />
19-->src/main/AndroidManifest.xml:16:5-81
19-->src/main/AndroidManifest.xml:16:22-78
20    <uses-permission android:name="android.permission.ACCESS_FINE_LOCATION" />
20-->src/main/AndroidManifest.xml:17:5-79
20-->src/main/AndroidManifest.xml:17:22-76
21    <uses-permission android:name="android.permission.CAMERA" />
21-->src/main/AndroidManifest.xml:18:5-65
21-->src/main/AndroidManifest.xml:18:22-62
22    <uses-permission android:name="android.permission.READ_CONTACTS" />
22-->src/main/AndroidManifest.xml:19:5-72
22-->src/main/AndroidManifest.xml:19:22-69
23    <uses-permission android:name="android.permission.READ_CALENDAR" />
23-->src/main/AndroidManifest.xml:20:5-72
23-->src/main/AndroidManifest.xml:20:22-69
24    <uses-permission android:name="android.permission.WRITE_CALENDAR" />
24-->src/main/AndroidManifest.xml:21:5-73
24-->src/main/AndroidManifest.xml:21:22-70
25    <uses-permission android:name="android.permission.READ_EXTERNAL_STORAGE" />
25-->src/main/AndroidManifest.xml:22:5-80
25-->src/main/AndroidManifest.xml:22:22-77
26    <uses-permission android:name="android.permission.RECORD_AUDIO" />
26-->src/main/AndroidManifest.xml:23:5-71
26-->src/main/AndroidManifest.xml:23:22-68
27    <uses-permission android:name="android.permission.WRITE_EXTERNAL_STORAGE" />
27-->src/main/AndroidManifest.xml:24:5-81
27-->src/main/AndroidManifest.xml:24:22-78
28    <uses-permission android:name="android.permission.WRITE_SETTINGS" />
28-->src/main/AndroidManifest.xml:25:5-73
28-->src/main/AndroidManifest.xml:25:22-70
29    <uses-permission android:name="android.permission.ACCESS_NETWORK_STATE" />
29-->[:expo-updates] AndroidManifest.xml:11:5-79
29-->[:expo-updates] AndroidManifest.xml:11:22-76
30    <uses-permission android:name="android.permission.STORAGE" />
30-->[:expo-file-system] AndroidManifest.xml:15:5-66
30-->[:expo-file-system] AndroidManifest.xml:15:22-63
31    <uses-permission android:name="android.permission.FOREGROUND_SERVICE" />
31-->[:expo-location] AndroidManifest.xml:13:5-77
31-->[:expo-location] AndroidManifest.xml:13:22-74
32    <uses-permission android:name="com.google.android.providers.gsf.permission.READ_GSERVICES" />
32-->[io.nlopez.smartlocation:library:3.2.11] AndroidManifest.xml:15:5-98
32-->[io.nlopez.smartlocation:library:3.2.11] AndroidManifest.xml:15:22-95
33    <uses-permission android:name="com.google.android.gms.permission.ACTIVITY_RECOGNITION" />
33-->[io.nlopez.smartlocation:library:3.2.11] AndroidManifest.xml:16:5-94
33-->[io.nlopez.smartlocation:library:3.2.11] AndroidManifest.xml:16:22-91
34
35    <application
35-->src/main/AndroidManifest.xml:28:5-51:19
36        android:name="com.facebookstorieswidget.MainApplication"
36-->src/main/AndroidManifest.xml:29:7-38
37        android:allowBackup="false"
37-->src/main/AndroidManifest.xml:33:7-34
38        android:appComponentFactory="androidx.core.app.CoreComponentFactory"
38-->[androidx.core:core:1.1.0] AndroidManifest.xml:24:18-86
39        android:debuggable="true"
40        android:icon="@mipmap/ic_launcher"
40-->src/main/AndroidManifest.xml:31:7-41
41        android:label="@string/app_name"
41-->src/main/AndroidManifest.xml:30:7-39
42        android:roundIcon="@mipmap/ic_launcher_round"
42-->src/main/AndroidManifest.xml:32:7-52
43        android:theme="@style/AppTheme"
43-->src/main/AndroidManifest.xml:34:7-38
44        android:usesCleartextTraffic="true" >
44-->src/debug/AndroidManifest.xml:6:18-53
45        <meta-data
45-->src/main/AndroidManifest.xml:36:7-106
46            android:name="expo.modules.updates.EXPO_UPDATE_URL"
46-->src/main/AndroidManifest.xml:36:18-69
47            android:value="YOUR-APP-URL-HERE" />
47-->src/main/AndroidManifest.xml:36:70-103
48        <meta-data
48-->src/main/AndroidManifest.xml:37:7-115
49            android:name="expo.modules.updates.EXPO_SDK_VERSION"
49-->src/main/AndroidManifest.xml:37:18-70
50            android:value="YOUR-APP-SDK-VERSION-HERE" />
50-->src/main/AndroidManifest.xml:37:71-112
51
52        <activity
52-->src/main/AndroidManifest.xml:39:7-49:18
53            android:name="com.facebookstorieswidget.MainActivity"
53-->src/main/AndroidManifest.xml:40:9-37
54            android:configChanges="keyboard|keyboardHidden|orientation|screenSize"
54-->src/main/AndroidManifest.xml:42:9-79
55            android:label="@string/app_name"
55-->src/main/AndroidManifest.xml:41:9-41
56            android:launchMode="singleTask"
56-->src/main/AndroidManifest.xml:43:9-40
57            android:windowSoftInputMode="adjustResize" >
57-->src/main/AndroidManifest.xml:44:9-51
58            <intent-filter>
58-->src/main/AndroidManifest.xml:45:9-48:25
59                <action android:name="android.intent.action.MAIN" />
59-->src/main/AndroidManifest.xml:46:13-65
59-->src/main/AndroidManifest.xml:46:21-62
60
61                <category android:name="android.intent.category.LAUNCHER" />
61-->src/main/AndroidManifest.xml:47:13-73
61-->src/main/AndroidManifest.xml:47:23-70
62            </intent-filter>
63        </activity>
64        <activity android:name="com.facebook.react.devsupport.DevSettingsActivity" />
64-->src/main/AndroidManifest.xml:50:7-84
64-->src/main/AndroidManifest.xml:50:17-81
65
66        <provider
66-->[:expo-file-system] AndroidManifest.xml:18:9-27:20
67            android:name="expo.modules.filesystem.FileSystemFileProvider"
67-->[:expo-file-system] AndroidManifest.xml:19:13-74
68            android:authorities="com.facebookstorieswidget.FileSystemFileProvider"
68-->[:expo-file-system] AndroidManifest.xml:20:13-74
69            android:exported="false"
69-->[:expo-file-system] AndroidManifest.xml:21:13-37
70            android:grantUriPermissions="true" >
70-->[:expo-file-system] AndroidManifest.xml:22:13-47
71            <meta-data
71-->[:expo-file-system] AndroidManifest.xml:24:13-26:70
72                android:name="android.support.FILE_PROVIDER_PATHS"
72-->[:expo-file-system] AndroidManifest.xml:25:17-67
73                android:resource="@xml/file_system_provider_paths" />
73-->[:expo-file-system] AndroidManifest.xml:26:17-67
74        </provider>
75
76        <service
76-->[:expo-location] AndroidManifest.xml:16:9-18:40
77            android:name="expo.modules.location.services.LocationTaskService"
77-->[:expo-location] AndroidManifest.xml:17:13-78
78            android:exported="false" />
78-->[:expo-location] AndroidManifest.xml:18:13-37
79
80        <activity
80-->[com.google.android.gms:play-services-base:16.0.1] AndroidManifest.xml:23:9-26:75
81            android:name="com.google.android.gms.common.api.GoogleApiActivity"
81-->[com.google.android.gms:play-services-base:16.0.1] AndroidManifest.xml:24:13-79
82            android:exported="false"
82-->[com.google.android.gms:play-services-base:16.0.1] AndroidManifest.xml:25:13-37
83            android:theme="@android:style/Theme.Translucent.NoTitleBar" />
83-->[com.google.android.gms:play-services-base:16.0.1] AndroidManifest.xml:26:13-72
84
85        <meta-data
85-->[com.google.android.gms:play-services-basement:16.0.1] AndroidManifest.xml:23:9-25:69
86            android:name="com.google.android.gms.version"
86-->[com.google.android.gms:play-services-basement:16.0.1] AndroidManifest.xml:24:13-58
87            android:value="@integer/google_play_services_version" />
87-->[com.google.android.gms:play-services-basement:16.0.1] AndroidManifest.xml:25:13-66
88
89        <service
89-->[androidx.room:room-runtime:2.1.0] AndroidManifest.xml:25:9-27:40
90            android:name="androidx.room.MultiInstanceInvalidationService"
90-->[androidx.room:room-runtime:2.1.0] AndroidManifest.xml:26:13-74
91            android:exported="false" />
91-->[androidx.room:room-runtime:2.1.0] AndroidManifest.xml:27:13-37
92        <service
92-->[io.nlopez.smartlocation:library:3.2.11] AndroidManifest.xml:19:9-21:40
93            android:name="io.nlopez.smartlocation.activity.providers.ActivityGooglePlayServicesProvider$ActivityRecognitionService"
93-->[io.nlopez.smartlocation:library:3.2.11] AndroidManifest.xml:20:13-132
94            android:exported="false" />
94-->[io.nlopez.smartlocation:library:3.2.11] AndroidManifest.xml:21:13-37
95        <service
95-->[io.nlopez.smartlocation:library:3.2.11] AndroidManifest.xml:22:9-24:40
96            android:name="io.nlopez.smartlocation.geofencing.providers.GeofencingGooglePlayServicesProvider$GeofencingService"
96-->[io.nlopez.smartlocation:library:3.2.11] AndroidManifest.xml:23:13-127
97            android:exported="false" />
97-->[io.nlopez.smartlocation:library:3.2.11] AndroidManifest.xml:24:13-37
98        <service
98-->[io.nlopez.smartlocation:library:3.2.11] AndroidManifest.xml:25:9-27:40
99            android:name="io.nlopez.smartlocation.geocoding.providers.AndroidGeocodingProvider$AndroidGeocodingService"
99-->[io.nlopez.smartlocation:library:3.2.11] AndroidManifest.xml:26:13-120
100            android:exported="false" />
100-->[io.nlopez.smartlocation:library:3.2.11] AndroidManifest.xml:27:13-37
101    </application>
102
103</manifest>